{
  stack: 'Error: Logged In Successful\n' +
    '    at file:///D:/NodeJsTest/Controllers/UserController.js:33:21\n' +
    '    at process.processTicksAndRejections (node:internal/process/task_queues:95:5)',
  level: 'error',
  message: 'POST /api/user/Login Logged In Successful',
  timestamp: '2024-07-21T12:25:58.568Z'
}
{
  stack: 'Error: Logged In Successful\n' +
    '    at file:///D:/NodeJsTest/Controllers/UserController.js:33:21\n' +
    '    at process.processTicksAndRejections (node:internal/process/task_queues:95:5)',
  level: 'error',
  message: 'POST /api/user/Login Logged In Successful',
  timestamp: '2024-07-21T12:26:58.109Z'
}
{
  stack: 'Error: Email or Password is incorrect\n' +
    '    at file:///D:/NodeJsTest/Controllers/UserController.js:30:27\n' +
    '    at process.processTicksAndRejections (node:internal/process/task_queues:95:5)',
  level: 'error',
  message: 'POST /api/user/Login Email or Password is incorrect',
  timestamp: '2024-07-21T14:02:47.420Z'
}
{
  stack: 'SyntaxError: Unexpected token \r in JSON at position 89\n' +
    '    at JSON.parse (<anonymous>)\n' +
    '    at parse (D:\\NodeJsTest\\node_modules\\body-parser\\lib\\types\\json.js:92:19)\n' +
    '    at D:\\NodeJsTest\\node_modules\\body-parser\\lib\\read.js:128:18\n' +
    '    at AsyncResource.runInAsyncScope (node:async_hooks:203:9)\n' +
    '    at invokeCallback (D:\\NodeJsTest\\node_modules\\raw-body\\index.js:238:16)\n' +
    '    at done (D:\\NodeJsTest\\node_modules\\raw-body\\index.js:227:7)\n' +
    '    at IncomingMessage.onEnd (D:\\NodeJsTest\\node_modules\\raw-body\\index.js:287:7)\n' +
    '    at IncomingMessage.emit (node:events:514:28)\n' +
    '    at endReadableNT (node:internal/streams/readable:1359:12)\n' +
    '    at process.processTicksAndRejections (node:internal/process/task_queues:82:21)',
  level: 'error',
  message: 'POST /api/user/Register Unexpected token \r in JSON at position 89',
  timestamp: '2024-07-21T14:03:03.736Z'
}
{
  stack: 'Error: Registered Successfully\n' +
    '    at file:///D:/NodeJsTest/Controllers/UserController.js:61:21\n' +
    '    at process.processTicksAndRejections (node:internal/process/task_queues:95:5)',
  level: 'error',
  message: 'POST /api/user/Register Registered Successfully',
  timestamp: '2024-07-21T14:03:21.000Z'
}
{
  stack: 'Error: Registered Successfully\n' +
    '    at file:///D:/NodeJsTest/Controllers/UserController.js:61:21\n' +
    '    at process.processTicksAndRejections (node:internal/process/task_queues:95:5)',
  level: 'error',
  message: 'POST /api/user/Register Registered Successfully',
  timestamp: '2024-07-21T14:08:48.986Z'
}
{
  stack: 'Error: Registered Successfully\n' +
    '    at file:///D:/NodeJsTest/Controllers/UserController.js:61:21\n' +
    '    at process.processTicksAndRejections (node:internal/process/task_queues:95:5)',
  level: 'error',
  message: 'POST /api/user/Register Registered Successfully',
  timestamp: '2024-07-21T14:11:25.883Z'
}
{
  stack: 'Error: Registered Successfully\n' +
    '    at file:///D:/NodeJsTest/Controllers/UserController.js:61:21\n' +
    '    at process.processTicksAndRejections (node:internal/process/task_queues:95:5)',
  level: 'error',
  message: 'POST /api/user/Register Registered Successfully',
  timestamp: '2024-07-21T14:16:43.508Z'
}
{
  stack: 'Error: User Already Exists\n' +
    '    at file:///D:/NodeJsTest/Controllers/UserController.js:48:27\n' +
    '    at process.processTicksAndRejections (node:internal/process/task_queues:95:5)',
  level: 'error',
  message: 'POST /api/user/Register User Already Exists',
  timestamp: '2024-07-21T14:16:47.215Z'
}
{
  stack: 'Error: Registered Successfully\n' +
    '    at file:///D:/NodeJsTest/Controllers/UserController.js:61:21\n' +
    '    at process.processTicksAndRejections (node:internal/process/task_queues:95:5)',
  level: 'error',
  message: 'POST /api/user/Register Registered Successfully',
  timestamp: '2024-07-21T14:18:36.305Z'
}
{
  stack: 'Error: User Already Exists\n' +
    '    at file:///D:/NodeJsTest/Controllers/UserController.js:48:27\n' +
    '    at process.processTicksAndRejections (node:internal/process/task_queues:95:5)',
  level: 'error',
  message: 'POST /api/user/Register User Already Exists',
  timestamp: '2024-07-21T14:18:51.727Z'
}
{
  stack: 'Error: User Already Exists\n' +
    '    at file:///D:/NodeJsTest/Controllers/UserController.js:48:27\n' +
    '    at process.processTicksAndRejections (node:internal/process/task_queues:95:5)',
  level: 'error',
  message: 'POST /api/user/Register User Already Exists',
  timestamp: '2024-07-21T14:20:05.191Z'
}
{
  stack: 'Error: Registered Successfully\n' +
    '    at file:///D:/NodeJsTest/Controllers/UserController.js:61:21\n' +
    '    at process.processTicksAndRejections (node:internal/process/task_queues:95:5)',
  level: 'error',
  message: 'POST /api/user/Register Registered Successfully',
  timestamp: '2024-07-21T14:22:54.861Z'
}
{
  stack: 'Error: Registered Successfully\n' +
    '    at file:///D:/NodeJsTest/Controllers/UserController.js:61:21\n' +
    '    at process.processTicksAndRejections (node:internal/process/task_queues:95:5)',
  level: 'error',
  message: 'POST /api/user/Register Registered Successfully',
  timestamp: '2024-07-21T14:24:10.115Z'
}
{
  stack: 'Error: User Already Exists\n' +
    '    at file:///D:/NodeJsTest/Controllers/UserController.js:48:27\n' +
    '    at process.processTicksAndRejections (node:internal/process/task_queues:95:5)',
  level: 'error',
  message: 'POST /api/user/Register User Already Exists',
  timestamp: '2024-07-21T14:25:25.212Z'
}
{
  stack: 'Error: Registered Successfully\n' +
    '    at file:///D:/NodeJsTest/Controllers/UserController.js:61:21\n' +
    '    at process.processTicksAndRejections (node:internal/process/task_queues:95:5)',
  level: 'error',
  message: 'POST /api/user/Register Registered Successfully',
  timestamp: '2024-07-21T14:25:36.670Z'
}
{
  stack: 'TypeError: schema.validate is not a function\n' +
    '    at file:///D:/NodeJsTest/Middleware/Validation.js:8:37\n' +
    '    at file:///D:/NodeJsTest/utils/AsyncWrapper.js:4:9\n' +
    '    at Layer.handle [as handle_request] (D:\\NodeJsTest\\node_modules\\express\\lib\\router\\layer.js:95:5)\n' +
    '    at next (D:\\NodeJsTest\\node_modules\\express\\lib\\router\\route.js:149:13)\n' +
    '    at Route.dispatch (D:\\NodeJsTest\\node_modules\\express\\lib\\router\\route.js:119:3)\n' +
    '    at Layer.handle [as handle_request] (D:\\NodeJsTest\\node_modules\\express\\lib\\router\\layer.js:95:5)\n' +
    '    at D:\\NodeJsTest\\node_modules\\express\\lib\\router\\index.js:284:15\n' +
    '    at Function.process_params (D:\\NodeJsTest\\node_modules\\express\\lib\\router\\index.js:346:12)\n' +
    '    at next (D:\\NodeJsTest\\node_modules\\express\\lib\\router\\index.js:280:10)\n' +
    '    at Function.handle (D:\\NodeJsTest\\node_modules\\express\\lib\\router\\index.js:175:3)',
  level: 'error',
  message: 'POST /api/user/Register schema.validate is not a function',
  timestamp: '2024-07-21T14:34:13.193Z'
}
{
  stack: 'TypeError: schema.validate is not a function\n' +
    '    at file:///D:/NodeJsTest/Middleware/Validation.js:7:37\n' +
    '    at file:///D:/NodeJsTest/utils/AsyncWrapper.js:4:9\n' +
    '    at Layer.handle [as handle_request] (D:\\NodeJsTest\\node_modules\\express\\lib\\router\\layer.js:95:5)\n' +
    '    at next (D:\\NodeJsTest\\node_modules\\express\\lib\\router\\route.js:149:13)\n' +
    '    at Route.dispatch (D:\\NodeJsTest\\node_modules\\express\\lib\\router\\route.js:119:3)\n' +
    '    at Layer.handle [as handle_request] (D:\\NodeJsTest\\node_modules\\express\\lib\\router\\layer.js:95:5)\n' +
    '    at D:\\NodeJsTest\\node_modules\\express\\lib\\router\\index.js:284:15\n' +
    '    at Function.process_params (D:\\NodeJsTest\\node_modules\\express\\lib\\router\\index.js:346:12)\n' +
    '    at next (D:\\NodeJsTest\\node_modules\\express\\lib\\router\\index.js:280:10)\n' +
    '    at Function.handle (D:\\NodeJsTest\\node_modules\\express\\lib\\router\\index.js:175:3)',
  level: 'error',
  message: 'POST /api/user/Register schema.validate is not a function',
  timestamp: '2024-07-21T14:35:15.465Z'
}
{
  stack: 'TypeError: schema.validateAsync is not a function\n' +
    '    at file:///D:/NodeJsTest/Middleware/Validation.js:7:37\n' +
    '    at file:///D:/NodeJsTest/utils/AsyncWrapper.js:4:9\n' +
    '    at Layer.handle [as handle_request] (D:\\NodeJsTest\\node_modules\\express\\lib\\router\\layer.js:95:5)\n' +
    '    at next (D:\\NodeJsTest\\node_modules\\express\\lib\\router\\route.js:149:13)\n' +
    '    at Route.dispatch (D:\\NodeJsTest\\node_modules\\express\\lib\\router\\route.js:119:3)\n' +
    '    at Layer.handle [as handle_request] (D:\\NodeJsTest\\node_modules\\express\\lib\\router\\layer.js:95:5)\n' +
    '    at D:\\NodeJsTest\\node_modules\\express\\lib\\router\\index.js:284:15\n' +
    '    at Function.process_params (D:\\NodeJsTest\\node_modules\\express\\lib\\router\\index.js:346:12)\n' +
    '    at next (D:\\NodeJsTest\\node_modules\\express\\lib\\router\\index.js:280:10)\n' +
    '    at Function.handle (D:\\NodeJsTest\\node_modules\\express\\lib\\router\\index.js:175:3)',
  level: 'error',
  message: 'POST /api/user/Register schema.validateAsync is not a function',
  timestamp: '2024-07-21T14:36:05.366Z'
}
{
  stack: 'TypeError: schema.validateAsync is not a function\n' +
    '    at file:///D:/NodeJsTest/Middleware/Validation.js:8:37\n' +
    '    at file:///D:/NodeJsTest/utils/AsyncWrapper.js:4:9\n' +
    '    at Layer.handle [as handle_request] (D:\\NodeJsTest\\node_modules\\express\\lib\\router\\layer.js:95:5)\n' +
    '    at next (D:\\NodeJsTest\\node_modules\\express\\lib\\router\\route.js:149:13)\n' +
    '    at Route.dispatch (D:\\NodeJsTest\\node_modules\\express\\lib\\router\\route.js:119:3)\n' +
    '    at Layer.handle [as handle_request] (D:\\NodeJsTest\\node_modules\\express\\lib\\router\\layer.js:95:5)\n' +
    '    at D:\\NodeJsTest\\node_modules\\express\\lib\\router\\index.js:284:15\n' +
    '    at Function.process_params (D:\\NodeJsTest\\node_modules\\express\\lib\\router\\index.js:346:12)\n' +
    '    at next (D:\\NodeJsTest\\node_modules\\express\\lib\\router\\index.js:280:10)\n' +
    '    at Function.handle (D:\\NodeJsTest\\node_modules\\express\\lib\\router\\index.js:175:3)',
  level: 'error',
  message: 'POST /api/user/Register schema.validateAsync is not a function',
  timestamp: '2024-07-21T14:38:36.340Z'
}
{
  stack: "TypeError: Cannot read properties of undefined (reading 'map')\n" +
    '    at file:///D:/NodeJsTest/Middleware/Validation.js:12:43\n' +
    '    at file:///D:/NodeJsTest/utils/AsyncWrapper.js:4:9\n' +
    '    at Layer.handle [as handle_request] (D:\\NodeJsTest\\node_modules\\express\\lib\\router\\layer.js:95:5)\n' +
    '    at next (D:\\NodeJsTest\\node_modules\\express\\lib\\router\\route.js:149:13)\n' +
    '    at Route.dispatch (D:\\NodeJsTest\\node_modules\\express\\lib\\router\\route.js:119:3)\n' +
    '    at Layer.handle [as handle_request] (D:\\NodeJsTest\\node_modules\\express\\lib\\router\\layer.js:95:5)\n' +
    '    at D:\\NodeJsTest\\node_modules\\express\\lib\\router\\index.js:284:15\n' +
    '    at Function.process_params (D:\\NodeJsTest\\node_modules\\express\\lib\\router\\index.js:346:12)\n' +
    '    at next (D:\\NodeJsTest\\node_modules\\express\\lib\\router\\index.js:280:10)\n' +
    '    at Function.handle (D:\\NodeJsTest\\node_modules\\express\\lib\\router\\index.js:175:3)',
  level: 'error',
  message: "POST /api/user/Register Cannot read properties of undefined (reading 'map')",
  timestamp: '2024-07-21T14:41:01.518Z'
}
{
  stack: 'TypeError: schema.validateAsync is not a function\n' +
    '    at file:///D:/NodeJsTest/Middleware/Validation.js:8:37\n' +
    '    at file:///D:/NodeJsTest/utils/AsyncWrapper.js:4:9\n' +
    '    at Layer.handle [as handle_request] (D:\\NodeJsTest\\node_modules\\express\\lib\\router\\layer.js:95:5)\n' +
    '    at next (D:\\NodeJsTest\\node_modules\\express\\lib\\router\\route.js:149:13)\n' +
    '    at Route.dispatch (D:\\NodeJsTest\\node_modules\\express\\lib\\router\\route.js:119:3)\n' +
    '    at Layer.handle [as handle_request] (D:\\NodeJsTest\\node_modules\\express\\lib\\router\\layer.js:95:5)\n' +
    '    at D:\\NodeJsTest\\node_modules\\express\\lib\\router\\index.js:284:15\n' +
    '    at Function.process_params (D:\\NodeJsTest\\node_modules\\express\\lib\\router\\index.js:346:12)\n' +
    '    at next (D:\\NodeJsTest\\node_modules\\express\\lib\\router\\index.js:280:10)\n' +
    '    at Function.handle (D:\\NodeJsTest\\node_modules\\express\\lib\\router\\index.js:175:3)',
  level: 'error',
  message: 'POST /api/user/Register schema.validateAsync is not a function',
  timestamp: '2024-07-21T14:41:22.149Z'
}
{
  stack: 'TypeError: schema.validateAsync is not a function\n' +
    '    at file:///D:/NodeJsTest/Middleware/Validation.js:8:37\n' +
    '    at file:///D:/NodeJsTest/utils/AsyncWrapper.js:4:9\n' +
    '    at Layer.handle [as handle_request] (D:\\NodeJsTest\\node_modules\\express\\lib\\router\\layer.js:95:5)\n' +
    '    at next (D:\\NodeJsTest\\node_modules\\express\\lib\\router\\route.js:149:13)\n' +
    '    at Route.dispatch (D:\\NodeJsTest\\node_modules\\express\\lib\\router\\route.js:119:3)\n' +
    '    at Layer.handle [as handle_request] (D:\\NodeJsTest\\node_modules\\express\\lib\\router\\layer.js:95:5)\n' +
    '    at D:\\NodeJsTest\\node_modules\\express\\lib\\router\\index.js:284:15\n' +
    '    at Function.process_params (D:\\NodeJsTest\\node_modules\\express\\lib\\router\\index.js:346:12)\n' +
    '    at next (D:\\NodeJsTest\\node_modules\\express\\lib\\router\\index.js:280:10)\n' +
    '    at Function.handle (D:\\NodeJsTest\\node_modules\\express\\lib\\router\\index.js:175:3)',
  level: 'error',
  message: 'POST /api/user/Register schema.validateAsync is not a function',
  timestamp: '2024-07-21T14:42:27.197Z'
}
{
  stack: 'TypeError: schema.validateAsync is not a function\n' +
    '    at file:///D:/NodeJsTest/Middleware/Validation.js:8:37\n' +
    '    at file:///D:/NodeJsTest/utils/AsyncWrapper.js:4:9\n' +
    '    at Layer.handle [as handle_request] (D:\\NodeJsTest\\node_modules\\express\\lib\\router\\layer.js:95:5)\n' +
    '    at next (D:\\NodeJsTest\\node_modules\\express\\lib\\router\\route.js:149:13)\n' +
    '    at Route.dispatch (D:\\NodeJsTest\\node_modules\\express\\lib\\router\\route.js:119:3)\n' +
    '    at Layer.handle [as handle_request] (D:\\NodeJsTest\\node_modules\\express\\lib\\router\\layer.js:95:5)\n' +
    '    at D:\\NodeJsTest\\node_modules\\express\\lib\\router\\index.js:284:15\n' +
    '    at Function.process_params (D:\\NodeJsTest\\node_modules\\express\\lib\\router\\index.js:346:12)\n' +
    '    at next (D:\\NodeJsTest\\node_modules\\express\\lib\\router\\index.js:280:10)\n' +
    '    at Function.handle (D:\\NodeJsTest\\node_modules\\express\\lib\\router\\index.js:175:3)',
  level: 'error',
  message: 'POST /api/user/Register schema.validateAsync is not a function',
  timestamp: '2024-07-21T14:44:32.912Z'
}
{
  stack: 'ReferenceError: UserSchema is not defined\n' +
    '    at file:///D:/NodeJsTest/Middleware/Validation.js:8:44\n' +
    '    at file:///D:/NodeJsTest/utils/AsyncWrapper.js:4:9\n' +
    '    at Layer.handle [as handle_request] (D:\\NodeJsTest\\node_modules\\express\\lib\\router\\layer.js:95:5)\n' +
    '    at next (D:\\NodeJsTest\\node_modules\\express\\lib\\router\\route.js:149:13)\n' +
    '    at Route.dispatch (D:\\NodeJsTest\\node_modules\\express\\lib\\router\\route.js:119:3)\n' +
    '    at Layer.handle [as handle_request] (D:\\NodeJsTest\\node_modules\\express\\lib\\router\\layer.js:95:5)\n' +
    '    at D:\\NodeJsTest\\node_modules\\express\\lib\\router\\index.js:284:15\n' +
    '    at Function.process_params (D:\\NodeJsTest\\node_modules\\express\\lib\\router\\index.js:346:12)\n' +
    '    at next (D:\\NodeJsTest\\node_modules\\express\\lib\\router\\index.js:280:10)\n' +
    '    at Function.handle (D:\\NodeJsTest\\node_modules\\express\\lib\\router\\index.js:175:3)',
  level: 'error',
  message: 'POST /api/user/Register UserSchema is not defined',
  timestamp: '2024-07-21T14:45:55.832Z'
}
{
  stack: 'ReferenceError: UserSchema is not defined\n' +
    '    at file:///D:/NodeJsTest/Middleware/Validation.js:8:44\n' +
    '    at file:///D:/NodeJsTest/utils/AsyncWrapper.js:4:9\n' +
    '    at Layer.handle [as handle_request] (D:\\NodeJsTest\\node_modules\\express\\lib\\router\\layer.js:95:5)\n' +
    '    at next (D:\\NodeJsTest\\node_modules\\express\\lib\\router\\route.js:149:13)\n' +
    '    at Route.dispatch (D:\\NodeJsTest\\node_modules\\express\\lib\\router\\route.js:119:3)\n' +
    '    at Layer.handle [as handle_request] (D:\\NodeJsTest\\node_modules\\express\\lib\\router\\layer.js:95:5)\n' +
    '    at D:\\NodeJsTest\\node_modules\\express\\lib\\router\\index.js:284:15\n' +
    '    at Function.process_params (D:\\NodeJsTest\\node_modules\\express\\lib\\router\\index.js:346:12)\n' +
    '    at next (D:\\NodeJsTest\\node_modules\\express\\lib\\router\\index.js:280:10)\n' +
    '    at Function.handle (D:\\NodeJsTest\\node_modules\\express\\lib\\router\\index.js:175:3)',
  level: 'error',
  message: 'POST /api/user/Register UserSchema is not defined',
  timestamp: '2024-07-21T14:46:09.468Z'
}
{
  stack: 'ReferenceError: UserSchema is not defined\n' +
    '    at file:///D:/NodeJsTest/Middleware/Validation.js:8:44\n' +
    '    at file:///D:/NodeJsTest/utils/AsyncWrapper.js:4:9\n' +
    '    at Layer.handle [as handle_request] (D:\\NodeJsTest\\node_modules\\express\\lib\\router\\layer.js:95:5)\n' +
    '    at next (D:\\NodeJsTest\\node_modules\\express\\lib\\router\\route.js:149:13)\n' +
    '    at Route.dispatch (D:\\NodeJsTest\\node_modules\\express\\lib\\router\\route.js:119:3)\n' +
    '    at Layer.handle [as handle_request] (D:\\NodeJsTest\\node_modules\\express\\lib\\router\\layer.js:95:5)\n' +
    '    at D:\\NodeJsTest\\node_modules\\express\\lib\\router\\index.js:284:15\n' +
    '    at Function.process_params (D:\\NodeJsTest\\node_modules\\express\\lib\\router\\index.js:346:12)\n' +
    '    at next (D:\\NodeJsTest\\node_modules\\express\\lib\\router\\index.js:280:10)\n' +
    '    at Function.handle (D:\\NodeJsTest\\node_modules\\express\\lib\\router\\index.js:175:3)',
  level: 'error',
  message: 'POST /api/user/Register UserSchema is not defined',
  timestamp: '2024-07-21T14:47:10.542Z'
}
{
  stack: 'ReferenceError: UserSchema is not defined\n' +
    '    at file:///D:/NodeJsTest/Middleware/Validation.js:8:44\n' +
    '    at file:///D:/NodeJsTest/utils/AsyncWrapper.js:4:9\n' +
    '    at Layer.handle [as handle_request] (D:\\NodeJsTest\\node_modules\\express\\lib\\router\\layer.js:95:5)\n' +
    '    at next (D:\\NodeJsTest\\node_modules\\express\\lib\\router\\route.js:149:13)\n' +
    '    at Route.dispatch (D:\\NodeJsTest\\node_modules\\express\\lib\\router\\route.js:119:3)\n' +
    '    at Layer.handle [as handle_request] (D:\\NodeJsTest\\node_modules\\express\\lib\\router\\layer.js:95:5)\n' +
    '    at D:\\NodeJsTest\\node_modules\\express\\lib\\router\\index.js:284:15\n' +
    '    at Function.process_params (D:\\NodeJsTest\\node_modules\\express\\lib\\router\\index.js:346:12)\n' +
    '    at next (D:\\NodeJsTest\\node_modules\\express\\lib\\router\\index.js:280:10)\n' +
    '    at Function.handle (D:\\NodeJsTest\\node_modules\\express\\lib\\router\\index.js:175:3)',
  level: 'error',
  message: 'POST /api/user/Register UserSchema is not defined',
  timestamp: '2024-07-21T14:48:01.330Z'
}
{
  stack: 'ReferenceError: UserSchema is not defined\n' +
    '    at file:///D:/NodeJsTest/Middleware/Validation.js:8:44\n' +
    '    at file:///D:/NodeJsTest/utils/AsyncWrapper.js:4:9\n' +
    '    at Layer.handle [as handle_request] (D:\\NodeJsTest\\node_modules\\express\\lib\\router\\layer.js:95:5)\n' +
    '    at next (D:\\NodeJsTest\\node_modules\\express\\lib\\router\\route.js:149:13)\n' +
    '    at Route.dispatch (D:\\NodeJsTest\\node_modules\\express\\lib\\router\\route.js:119:3)\n' +
    '    at Layer.handle [as handle_request] (D:\\NodeJsTest\\node_modules\\express\\lib\\router\\layer.js:95:5)\n' +
    '    at D:\\NodeJsTest\\node_modules\\express\\lib\\router\\index.js:284:15\n' +
    '    at Function.process_params (D:\\NodeJsTest\\node_modules\\express\\lib\\router\\index.js:346:12)\n' +
    '    at next (D:\\NodeJsTest\\node_modules\\express\\lib\\router\\index.js:280:10)\n' +
    '    at Function.handle (D:\\NodeJsTest\\node_modules\\express\\lib\\router\\index.js:175:3)',
  level: 'error',
  message: 'POST /api/user/Register UserSchema is not defined',
  timestamp: '2024-07-21T14:50:17.283Z'
}
{
  stack: 'ReferenceError: Schema is not defined\n' +
    '    at file:///D:/NodeJsTest/Middleware/Validation.js:8:44\n' +
    '    at file:///D:/NodeJsTest/utils/AsyncWrapper.js:4:9\n' +
    '    at Layer.handle [as handle_request] (D:\\NodeJsTest\\node_modules\\express\\lib\\router\\layer.js:95:5)\n' +
    '    at next (D:\\NodeJsTest\\node_modules\\express\\lib\\router\\route.js:149:13)\n' +
    '    at Route.dispatch (D:\\NodeJsTest\\node_modules\\express\\lib\\router\\route.js:119:3)\n' +
    '    at Layer.handle [as handle_request] (D:\\NodeJsTest\\node_modules\\express\\lib\\router\\layer.js:95:5)\n' +
    '    at D:\\NodeJsTest\\node_modules\\express\\lib\\router\\index.js:284:15\n' +
    '    at Function.process_params (D:\\NodeJsTest\\node_modules\\express\\lib\\router\\index.js:346:12)\n' +
    '    at next (D:\\NodeJsTest\\node_modules\\express\\lib\\router\\index.js:280:10)\n' +
    '    at Function.handle (D:\\NodeJsTest\\node_modules\\express\\lib\\router\\index.js:175:3)',
  level: 'error',
  message: 'POST /api/user/Register Schema is not defined',
  timestamp: '2024-07-21T14:50:46.537Z'
}
{
  stack: 'ValidationError: "email" must be a valid email',
  level: 'error',
  message: 'POST /api/user/Register "email" must be a valid email',
  timestamp: '2024-07-21T14:53:25.623Z'
}
{
  stack: 'ValidationError: "email" must be a valid email',
  level: 'error',
  message: 'POST /api/user/Register "email" must be a valid email',
  timestamp: '2024-07-21T14:53:33.786Z'
}
{
  stack: 'ValidationError: "email" must be a valid email',
  level: 'error',
  message: 'POST /api/user/Register "email" must be a valid email',
  timestamp: '2024-07-21T14:53:48.004Z'
}
{
  stack: 'ValidationError: "email" must be a valid email',
  level: 'error',
  message: 'POST /api/user/Register "email" must be a valid email',
  timestamp: '2024-07-21T14:56:00.556Z'
}
{
  stack: 'ValidationError: "password" with value "karim549" fails to match the required pattern: /^(?=.*[a-z])(?=.*[A-Z])(?=.*[0-9])(?=.*[!@#$%^&*])/',
  level: 'error',
  message: 'POST /api/user/Register "password" with value "karim549" fails to match the required pattern: /^(?=.*[a-z])(?=.*[A-Z])(?=.*[0-9])(?=.*[!@#$%^&*])/',
  timestamp: '2024-07-21T14:57:41.288Z'
}
{
  stack: 'Error: Registered Successfully\n' +
    '    at file:///D:/NodeJsTest/Controllers/UserController.js:61:21\n' +
    '    at process.processTicksAndRejections (node:internal/process/task_queues:95:5)',
  level: 'error',
  message: 'POST /api/user/Register Registered Successfully',
  timestamp: '2024-07-21T14:58:06.685Z'
}
{
  stack: 'Error: Registered Successfully\n' +
    '    at file:///D:/NodeJsTest/Controllers/UserController.js:61:21\n' +
    '    at process.processTicksAndRejections (node:internal/process/task_queues:95:5)',
  level: 'error',
  message: 'POST /api/user/Register Registered Successfully',
  timestamp: '2024-07-21T15:15:04.148Z'
}
{
  stack: 'Error: Registered Successfully\n' +
    '    at file:///D:/NodeJsTest/Controllers/UserController.js:61:21\n' +
    '    at process.processTicksAndRejections (node:internal/process/task_queues:95:5)',
  level: 'error',
  message: 'POST /api/user/Register Registered Successfully',
  timestamp: '2024-07-21T15:17:03.141Z'
}
{
  stack: 'Error: User Already Exists\n' +
    '    at file:///D:/NodeJsTest/Controllers/UserController.js:48:27\n' +
    '    at process.processTicksAndRejections (node:internal/process/task_queues:95:5)',
  level: 'error',
  message: 'POST /api/user/Register User Already Exists',
  timestamp: '2024-07-21T15:18:11.266Z'
}
{
  stack: 'Error: Registered Successfully\n' +
    '    at file:///D:/NodeJsTest/Controllers/UserController.js:61:21\n' +
    '    at process.processTicksAndRejections (node:internal/process/task_queues:95:5)',
  level: 'error',
  message: 'POST /api/user/Register Registered Successfully',
  timestamp: '2024-07-21T15:18:21.758Z'
}
{
  stack: 'Error: Registered Successfully\n' +
    '    at file:///D:/NodeJsTest/Controllers/UserController.js:61:21\n' +
    '    at process.processTicksAndRejections (node:internal/process/task_queues:95:5)',
  level: 'error',
  message: 'POST /api/user/Register Registered Successfully',
  timestamp: '2024-07-21T15:20:25.901Z'
}
{
  stack: 'Error: Registered Successfully\n' +
    '    at file:///D:/NodeJsTest/Controllers/UserController.js:61:21\n' +
    '    at process.processTicksAndRejections (node:internal/process/task_queues:95:5)',
  level: 'error',
  message: 'POST /api/user/Register Registered Successfully',
  timestamp: '2024-07-21T15:26:18.737Z'
}
{
  stack: 'Error: Registered Successfully\n' +
    '    at file:///D:/NodeJsTest/Controllers/UserController.js:61:21\n' +
    '    at process.processTicksAndRejections (node:internal/process/task_queues:95:5)',
  level: 'error',
  message: 'POST /api/user/Register Registered Successfully',
  timestamp: '2024-07-21T15:54:24.274Z'
}
{
  stack: 'Error: unauthorized\n' +
    '    at file:///D:/NodeJsTest/Middleware/AllowedTo.js:8:25\n' +
    '    at Layer.handle [as handle_request] (D:\\NodeJsTest\\node_modules\\express\\lib\\router\\layer.js:95:5)\n' +
    '    at next (D:\\NodeJsTest\\node_modules\\express\\lib\\router\\route.js:149:13)\n' +
    '    at default (file:///D:/NodeJsTest/Middleware/VerfiyToken.js:15:9)\n' +
    '    at Layer.handle [as handle_request] (D:\\NodeJsTest\\node_modules\\express\\lib\\router\\layer.js:95:5)\n' +
    '    at next (D:\\NodeJsTest\\node_modules\\express\\lib\\router\\route.js:149:13)\n' +
    '    at Route.dispatch (D:\\NodeJsTest\\node_modules\\express\\lib\\router\\route.js:119:3)\n' +
    '    at Layer.handle [as handle_request] (D:\\NodeJsTest\\node_modules\\express\\lib\\router\\layer.js:95:5)\n' +
    '    at D:\\NodeJsTest\\node_modules\\express\\lib\\router\\index.js:284:15\n' +
    '    at Function.process_params (D:\\NodeJsTest\\node_modules\\express\\lib\\router\\index.js:346:12)',
  level: 'error',
  message: 'GET /api/user/ unauthorized',
  timestamp: '2024-07-21T17:45:31.706Z'
}
{
  stack: 'Error: Logged In Successful\n' +
    '    at file:///D:/NodeJsTest/Controllers/UserController.js:33:21\n' +
    '    at process.processTicksAndRejections (node:internal/process/task_queues:95:5)',
  level: 'error',
  message: 'POST /api/user/Login Logged In Successful',
  timestamp: '2024-07-21T17:45:37.047Z'
}
{
  stack: 'Error: No Events Found for this User\n' +
    '    at file:///D:/NodeJsTest/Controllers/UserController.js:88:25\n' +
    '    at process.processTicksAndRejections (node:internal/process/task_queues:95:5)',
  level: 'error',
  message: 'GET /api/user/userevent No Events Found for this User',
  timestamp: '2024-07-21T17:45:41.159Z'
}
{
  stack: 'Error: Users Found\n' +
    '    at file:///D:/NodeJsTest/Controllers/UserController.js:16:21\n' +
    '    at process.processTicksAndRejections (node:internal/process/task_queues:95:5)',
  level: 'error',
  message: 'GET /api/user/ Users Found',
  timestamp: '2024-07-21T17:45:46.690Z'
}
{
  stack: 'Error: Users Found\n' +
    '    at file:///D:/NodeJsTest/Controllers/UserController.js:16:21\n' +
    '    at process.processTicksAndRejections (node:internal/process/task_queues:95:5)',
  level: 'error',
  message: 'GET /api/user/ Users Found',
  timestamp: '2024-07-21T18:45:30.948Z'
}
{
  stack: 'Error: unauthorized\n' +
    '    at file:///D:/NodeJsTest/Middleware/AllowedTo.js:8:25\n' +
    '    at Layer.handle [as handle_request] (D:\\NodeJsTest\\node_modules\\express\\lib\\router\\layer.js:95:5)\n' +
    '    at next (D:\\NodeJsTest\\node_modules\\express\\lib\\router\\route.js:149:13)\n' +
    '    at default (file:///D:/NodeJsTest/Middleware/VerfiyToken.js:14:9)\n' +
    '    at Layer.handle [as handle_request] (D:\\NodeJsTest\\node_modules\\express\\lib\\router\\layer.js:95:5)\n' +
    '    at next (D:\\NodeJsTest\\node_modules\\express\\lib\\router\\route.js:149:13)\n' +
    '    at Route.dispatch (D:\\NodeJsTest\\node_modules\\express\\lib\\router\\route.js:119:3)\n' +
    '    at Layer.handle [as handle_request] (D:\\NodeJsTest\\node_modules\\express\\lib\\router\\layer.js:95:5)\n' +
    '    at D:\\NodeJsTest\\node_modules\\express\\lib\\router\\index.js:284:15\n' +
    '    at Function.process_params (D:\\NodeJsTest\\node_modules\\express\\lib\\router\\index.js:346:12)',
  level: 'error',
  message: 'GET /api/admin/Get-logs unauthorized',
  timestamp: '2024-07-21T18:55:36.689Z'
}
{
  stack: 'Error: Logged In Successful\n' +
    '    at file:///D:/NodeJsTest/Controllers/UserController.js:33:21\n' +
    '    at process.processTicksAndRejections (node:internal/process/task_queues:95:5)',
  level: 'error',
  message: 'POST /api/user/Login Logged In Successful',
  timestamp: '2024-07-21T18:55:45.055Z'
}
{
  stack: 'Error: Logged In Successful\n' +
    '    at file:///D:/NodeJsTest/Controllers/UserController.js:33:21\n' +
    '    at process.processTicksAndRejections (node:internal/process/task_queues:95:5)',
  level: 'error',
  message: 'POST /api/user/Login Logged In Successful',
  timestamp: '2024-07-21T18:55:49.257Z'
}
{
  stack: 'Error: unauthorized\n' +
    '    at file:///D:/NodeJsTest/Middleware/AllowedTo.js:8:25\n' +
    '    at Layer.handle [as handle_request] (D:\\NodeJsTest\\node_modules\\express\\lib\\router\\layer.js:95:5)\n' +
    '    at next (D:\\NodeJsTest\\node_modules\\express\\lib\\router\\route.js:149:13)\n' +
    '    at default (file:///D:/NodeJsTest/Middleware/VerfiyToken.js:14:9)\n' +
    '    at Layer.handle [as handle_request] (D:\\NodeJsTest\\node_modules\\express\\lib\\router\\layer.js:95:5)\n' +
    '    at next (D:\\NodeJsTest\\node_modules\\express\\lib\\router\\route.js:149:13)\n' +
    '    at Route.dispatch (D:\\NodeJsTest\\node_modules\\express\\lib\\router\\route.js:119:3)\n' +
    '    at Layer.handle [as handle_request] (D:\\NodeJsTest\\node_modules\\express\\lib\\router\\layer.js:95:5)\n' +
    '    at D:\\NodeJsTest\\node_modules\\express\\lib\\router\\index.js:284:15\n' +
    '    at Function.process_params (D:\\NodeJsTest\\node_modules\\express\\lib\\router\\index.js:346:12)',
  level: 'error',
  message: 'GET /api/admin/Get-logs unauthorized',
  timestamp: '2024-07-21T18:55:52.789Z'
}
{
  stack: 'ReferenceError: __dirname is not defined\n' +
    '    at file:///D:/NodeJsTest/Controllers/AdminController.js:25:40\n' +
    '    at file:///D:/NodeJsTest/utils/AsyncWrapper.js:4:9\n' +
    '    at Layer.handle [as handle_request] (D:\\NodeJsTest\\node_modules\\express\\lib\\router\\layer.js:95:5)\n' +
    '    at next (D:\\NodeJsTest\\node_modules\\express\\lib\\router\\route.js:149:13)\n' +
    '    at file:///D:/NodeJsTest/Middleware/Caching.js:28:9\n' +
    '    at Layer.handle [as handle_request] (D:\\NodeJsTest\\node_modules\\express\\lib\\router\\layer.js:95:5)\n' +
    '    at next (D:\\NodeJsTest\\node_modules\\express\\lib\\router\\route.js:149:13)\n' +
    '    at file:///D:/NodeJsTest/Middleware/AllowedTo.js:10:9\n' +
    '    at Layer.handle [as handle_request] (D:\\NodeJsTest\\node_modules\\express\\lib\\router\\layer.js:95:5)\n' +
    '    at next (D:\\NodeJsTest\\node_modules\\express\\lib\\router\\route.js:149:13)',
  level: 'error',
  message: 'GET /api/admin/Get-logs __dirname is not defined',
  timestamp: '2024-07-21T18:56:42.488Z'
}
{
  stack: 'ReferenceError: __dirname is not defined\n' +
    '    at file:///D:/NodeJsTest/Controllers/AdminController.js:25:40\n' +
    '    at file:///D:/NodeJsTest/utils/AsyncWrapper.js:4:9\n' +
    '    at Layer.handle [as handle_request] (D:\\NodeJsTest\\node_modules\\express\\lib\\router\\layer.js:95:5)\n' +
    '    at next (D:\\NodeJsTest\\node_modules\\express\\lib\\router\\route.js:149:13)\n' +
    '    at file:///D:/NodeJsTest/Middleware/Caching.js:28:9\n' +
    '    at Layer.handle [as handle_request] (D:\\NodeJsTest\\node_modules\\express\\lib\\router\\layer.js:95:5)\n' +
    '    at next (D:\\NodeJsTest\\node_modules\\express\\lib\\router\\route.js:149:13)\n' +
    '    at file:///D:/NodeJsTest/Middleware/AllowedTo.js:10:9\n' +
    '    at Layer.handle [as handle_request] (D:\\NodeJsTest\\node_modules\\express\\lib\\router\\layer.js:95:5)\n' +
    '    at next (D:\\NodeJsTest\\node_modules\\express\\lib\\router\\route.js:149:13)',
  level: 'error',
  message: 'GET /api/admin//Get-logs __dirname is not defined',
  timestamp: '2024-07-21T18:57:56.595Z'
}
{
  stack: `TypeError [ERR_INVALID_ARG_TYPE]: The "cb" argument must be of type function. Received type string ('utf-8')\n` +
    '    at maybeCallback (node:fs:189:3)\n' +
    '    at Object.readFile (node:fs:392:14)\n' +
    '    at file:///D:/NodeJsTest/Controllers/AdminController.js:30:35\n' +
    '    at file:///D:/NodeJsTest/utils/AsyncWrapper.js:4:9\n' +
    '    at Layer.handle [as handle_request] (D:\\NodeJsTest\\node_modules\\express\\lib\\router\\layer.js:95:5)\n' +
    '    at next (D:\\NodeJsTest\\node_modules\\express\\lib\\router\\route.js:149:13)\n' +
    '    at file:///D:/NodeJsTest/Middleware/Caching.js:28:9\n' +
    '    at Layer.handle [as handle_request] (D:\\NodeJsTest\\node_modules\\express\\lib\\router\\layer.js:95:5)\n' +
    '    at next (D:\\NodeJsTest\\node_modules\\express\\lib\\router\\route.js:149:13)\n' +
    '    at file:///D:/NodeJsTest/Middleware/AllowedTo.js:10:9',
  level: 'error',
  message: `GET /api/admin//Get-logs The "cb" argument must be of type function. Received type string ('utf-8')`,
  timestamp: '2024-07-21T18:59:23.832Z'
}
{
  stack: "TypeError: Class constructor AppError cannot be invoked without 'new'\n" +
    '    at file:///D:/NodeJsTest/Controllers/AdminController.js:50:18\n' +
    '    at file:///D:/NodeJsTest/utils/AsyncWrapper.js:4:9\n' +
    '    at Layer.handle [as handle_request] (D:\\NodeJsTest\\node_modules\\express\\lib\\router\\layer.js:95:5)\n' +
    '    at next (D:\\NodeJsTest\\node_modules\\express\\lib\\router\\route.js:149:13)\n' +
    '    at file:///D:/NodeJsTest/Middleware/Caching.js:28:9\n' +
    '    at Layer.handle [as handle_request] (D:\\NodeJsTest\\node_modules\\express\\lib\\router\\layer.js:95:5)\n' +
    '    at next (D:\\NodeJsTest\\node_modules\\express\\lib\\router\\route.js:149:13)\n' +
    '    at file:///D:/NodeJsTest/Middleware/AllowedTo.js:10:9\n' +
    '    at Layer.handle [as handle_request] (D:\\NodeJsTest\\node_modules\\express\\lib\\router\\layer.js:95:5)\n' +
    '    at next (D:\\NodeJsTest\\node_modules\\express\\lib\\router\\route.js:149:13)',
  level: 'error',
  message: "GET /api/admin//Get-logs Class constructor AppError cannot be invoked without 'new'",
  timestamp: '2024-07-21T19:03:24.877Z'
}
{
  stack: 'Error: Error fetching logs\n' +
    '    at file:///D:/NodeJsTest/Controllers/AdminController.js:50:18\n' +
    '    at file:///D:/NodeJsTest/utils/AsyncWrapper.js:4:9\n' +
    '    at Layer.handle [as handle_request] (D:\\NodeJsTest\\node_modules\\express\\lib\\router\\layer.js:95:5)\n' +
    '    at next (D:\\NodeJsTest\\node_modules\\express\\lib\\router\\route.js:149:13)\n' +
    '    at file:///D:/NodeJsTest/Middleware/Caching.js:28:9\n' +
    '    at Layer.handle [as handle_request] (D:\\NodeJsTest\\node_modules\\express\\lib\\router\\layer.js:95:5)\n' +
    '    at next (D:\\NodeJsTest\\node_modules\\express\\lib\\router\\route.js:149:13)\n' +
    '    at file:///D:/NodeJsTest/Middleware/AllowedTo.js:10:9\n' +
    '    at Layer.handle [as handle_request] (D:\\NodeJsTest\\node_modules\\express\\lib\\router\\layer.js:95:5)\n' +
    '    at next (D:\\NodeJsTest\\node_modules\\express\\lib\\router\\route.js:149:13)',
  level: 'error',
  message: 'GET /api/admin//Get-logs Error fetching logs',
  timestamp: '2024-07-21T19:03:49.966Z'
}
{
  stack: "TypeError: Class constructor AppError cannot be invoked without 'new'\n" +
    '    at file:///D:/NodeJsTest/Controllers/AdminController.js:54:18',
  level: 'error',
  message: "GET /api/admin//Get-logs Class constructor AppError cannot be invoked without 'new'",
  timestamp: '2024-07-21T19:05:48.012Z'
}
{
  stack: 'Error: Error fetching logs\n' +
    '    at file:///D:/NodeJsTest/Controllers/AdminController.js:54:18',
  level: 'error',
  message: 'GET /api/admin//Get-logs Error fetching logs',
  timestamp: '2024-07-21T19:06:02.089Z'
}
{
  stack: 'Error: Error fetching logs\n' +
    '    at file:///D:/NodeJsTest/Controllers/AdminController.js:54:18',
  level: 'error',
  message: 'GET /api/admin//Get-logs Error fetching logs',
  timestamp: '2024-07-21T19:08:33.291Z'
}
{
  stack: 'ReferenceError: __dirname is not defined\n' +
    '    at file:///D:/NodeJsTest/Controllers/AdminController.js:9:40\n' +
    '    at file:///D:/NodeJsTest/utils/AsyncWrapper.js:4:9\n' +
    '    at Layer.handle [as handle_request] (D:\\NodeJsTest\\node_modules\\express\\lib\\router\\layer.js:95:5)\n' +
    '    at next (D:\\NodeJsTest\\node_modules\\express\\lib\\router\\route.js:149:13)\n' +
    '    at file:///D:/NodeJsTest/Middleware/AllowedTo.js:10:9\n' +
    '    at Layer.handle [as handle_request] (D:\\NodeJsTest\\node_modules\\express\\lib\\router\\layer.js:95:5)\n' +
    '    at next (D:\\NodeJsTest\\node_modules\\express\\lib\\router\\route.js:149:13)\n' +
    '    at default (file:///D:/NodeJsTest/Middleware/VerfiyToken.js:14:9)\n' +
    '    at Layer.handle [as handle_request] (D:\\NodeJsTest\\node_modules\\express\\lib\\router\\layer.js:95:5)\n' +
    '    at next (D:\\NodeJsTest\\node_modules\\express\\lib\\router\\route.js:149:13)',
  level: 'error',
  message: 'DELETE /api/admin/clear-logs __dirname is not defined',
  timestamp: '2024-07-21T21:01:13.939Z'
}
